<?xml version="1.0" encoding="UTF-8"?>
<testng-results ignored="0" total="1" passed="1" failed="0" skipped="0">
  <reporter-output>
  </reporter-output>
  <suite started-at="2022-06-15T09:01:50 BST" name="Suite" finished-at="2022-06-15T09:02:19 BST" duration-ms="29112">
    <groups>
    </groups>
    <test started-at="2022-06-15T09:01:50 BST" name="Get the largest price dress into cart" finished-at="2022-06-15T09:02:19 BST" duration-ms="29112">
      <class name="Academy.HomePage">
        <test-method is-config="true" signature="initialize()[pri:0, instance:Academy.HomePage@9353778]" started-at="2022-06-15T09:01:50 BST" name="initialize" finished-at="2022-06-15T09:01:52 BST" duration-ms="2501" status="PASS">
          <reporter-output>
          </reporter-output>
        </test-method> <!-- initialize -->
        <test-method signature="addHighestPriceDressIncart()[pri:0, instance:Academy.HomePage@9353778]" started-at="2022-06-15T09:01:52 BST" name="addHighestPriceDressIncart" finished-at="2022-06-15T09:02:19 BST" duration-ms="26547" status="PASS">
          <reporter-output>
          </reporter-output>
        </test-method> <!-- addHighestPriceDressIncart -->
        <test-method is-config="true" signature="teardown()[pri:0, instance:Academy.HomePage@9353778]" started-at="2022-06-15T09:02:19 BST" name="teardown" finished-at="2022-06-15T09:02:19 BST" duration-ms="1" status="PASS">
          <reporter-output>
          </reporter-output>
        </test-method> <!-- teardown -->
      </class> <!-- Academy.HomePage -->
    </test> <!-- Get the largest price dress into cart -->
  </suite> <!-- Suite -->
</testng-results>
